\BOOKMARK [0][-]{chapter.1}{Introducci\363n}{}% 1
\BOOKMARK [1][-]{section.1.1}{Definici\363n del Problema}{chapter.1}% 2
\BOOKMARK [1][-]{section.1.2}{Objetivos}{chapter.1}% 3
\BOOKMARK [2][-]{subsection.1.2.1}{Objetivo principal}{section.1.2}% 4
\BOOKMARK [2][-]{subsection.1.2.2}{Objetivos espec\355ficos}{section.1.2}% 5
\BOOKMARK [1][-]{section.1.3}{Estructura del documento}{chapter.1}% 6
\BOOKMARK [0][-]{chapter.2}{Estado del Arte}{}% 7
\BOOKMARK [1][-]{section.2.1}{Inicios de Android}{chapter.2}% 8
\BOOKMARK [1][-]{section.2.2}{Problemas al desarrollar en Android}{chapter.2}% 9
\BOOKMARK [2][-]{subsection.2.2.1}{Fragmentaci\363n a nivel de software}{section.2.2}% 10
\BOOKMARK [2][-]{subsection.2.2.2}{Fragmentaci\363n a nivel de hardware}{section.2.2}% 11
\BOOKMARK [2][-]{subsection.2.2.3}{Otros problemas}{section.2.2}% 12
\BOOKMARK [0][-]{chapter.3}{Herramientas Actuales}{}% 13
\BOOKMARK [1][-]{section.3.1}{Herramientas de Testing}{chapter.3}% 14
\BOOKMARK [2][-]{subsection.3.1.1}{JUnit}{section.3.1}% 15
\BOOKMARK [2][-]{subsection.3.1.2}{EasyMock}{section.3.1}% 16
\BOOKMARK [2][-]{subsection.3.1.3}{PowerMock}{section.3.1}% 17
\BOOKMARK [2][-]{subsection.3.1.4}{Mockito}{section.3.1}% 18
\BOOKMARK [2][-]{subsection.3.1.5}{Espresso}{section.3.1}% 19
\BOOKMARK [2][-]{subsection.3.1.6}{Robotium}{section.3.1}% 20
\BOOKMARK [2][-]{subsection.3.1.7}{Robolectric}{section.3.1}% 21
\BOOKMARK [2][-]{subsection.3.1.8}{Spoon}{section.3.1}% 22
\BOOKMARK [1][-]{section.3.2}{Herramientas de Crashes}{chapter.3}% 23
\BOOKMARK [2][-]{subsection.3.2.1}{Crittercism}{section.3.2}% 24
\BOOKMARK [2][-]{subsection.3.2.2}{Bugsense}{section.3.2}% 25
\BOOKMARK [2][-]{subsection.3.2.3}{Crashlytics}{section.3.2}% 26
\BOOKMARK [2][-]{subsection.3.2.4}{ACRA}{section.3.2}% 27
\BOOKMARK [2][-]{subsection.3.2.5}{Google Analytics}{section.3.2}% 28
\BOOKMARK [0][-]{chapter.4}{An\341lisis Comparativo}{}% 29
\BOOKMARK [0][-]{chapter.5}{Implementaci\363n en entorno real}{}% 30
\BOOKMARK [0][-]{chapter.6}{Conclusi\363n}{}% 31
