\BOOKMARK [0][-]{chapter*.2}{Resumen}{}% 1
\BOOKMARK [0][-]{chapter*.3}{Abstract}{}% 2
\BOOKMARK [0][-]{chapter*.4}{\315ndice de Contenidos}{}% 3
\BOOKMARK [0][-]{chapter*.4}{\315ndice de Tablas}{}% 4
\BOOKMARK [0][-]{chapter*.5}{\315ndice de Figuras}{}% 5
\BOOKMARK [0][-]{chapter*.7}{Glosario}{}% 6
\BOOKMARK [0][-]{chapter.1}{Introducci\363n}{}% 7
\BOOKMARK [1][-]{section.1.1}{Definici\363n del problema}{chapter.1}% 8
\BOOKMARK [1][-]{section.1.2}{Objetivos}{chapter.1}% 9
\BOOKMARK [2][-]{subsection.1.2.1}{Objetivo principal}{section.1.2}% 10
\BOOKMARK [2][-]{subsection.1.2.2}{Objetivos espec\355ficos}{section.1.2}% 11
\BOOKMARK [1][-]{section.1.3}{Estructura del documento}{chapter.1}% 12
\BOOKMARK [0][-]{chapter.2}{Estado del Arte}{}% 13
\BOOKMARK [1][-]{section.2.1}{Introducci\363n a Android}{chapter.2}% 14
\BOOKMARK [2][-]{subsection.2.1.1}{Inicios de Android}{section.2.1}% 15
\BOOKMARK [2][-]{subsection.2.1.2}{Arquitectura}{section.2.1}% 16
\BOOKMARK [2][-]{subsection.2.1.3}{\277C\363mo las aplicaciones son compiladas?}{section.2.1}% 17
\BOOKMARK [1][-]{section.2.2}{Tipos de dispositivos}{chapter.2}% 18
\BOOKMARK [1][-]{section.2.3}{Versiones}{chapter.2}% 19
\BOOKMARK [1][-]{section.2.4}{Testing}{chapter.2}% 20
\BOOKMARK [1][-]{section.2.5}{Problemas al desarrollar en Android}{chapter.2}% 21
\BOOKMARK [2][-]{subsection.2.5.1}{Fragmentaci\363n}{section.2.5}% 22
\BOOKMARK [3][-]{section*.24}{Fragmentaci\363n a nivel de software}{subsection.2.5.1}% 23
\BOOKMARK [3][-]{section*.26}{Fragmentaci\363n a nivel de hardware}{subsection.2.5.1}% 24
\BOOKMARK [3][-]{section*.31}{Fragmentaci\363n en otras caracter\355sticas}{subsection.2.5.1}% 25
\BOOKMARK [3][-]{section*.32}{Reporte sobre Fragmentaci\363n}{subsection.2.5.1}% 26
\BOOKMARK [2][-]{subsection.2.5.2}{Distribuci\363n de versiones Alpha y Beta}{section.2.5}% 27
\BOOKMARK [2][-]{subsection.2.5.3}{Crashes}{section.2.5}% 28
\BOOKMARK [0][-]{chapter.3}{Herramientas Actuales}{}% 29
\BOOKMARK [1][-]{section.3.1}{Herramientas de Testing}{chapter.3}% 30
\BOOKMARK [2][-]{subsection.3.1.1}{Herramientas de Testing Unitario provistas por Android}{section.3.1}% 31
\BOOKMARK [3][-]{section*.38}{Android JUnit 49}{subsection.3.1.1}% 32
\BOOKMARK [3][-]{section*.39}{Objetos simulados \(Mock objects\) 20}{subsection.3.1.1}% 33
\BOOKMARK [3][-]{section*.40}{Instrumentation 20}{subsection.3.1.1}% 34
\BOOKMARK [2][-]{subsection.3.1.2}{Herramientas de Testing de UI provistas por Android}{section.3.1}% 35
\BOOKMARK [3][-]{section*.42}{uiautomatorviewer 19}{subsection.3.1.2}% 36
\BOOKMARK [3][-]{section*.43}{uiautomator 19}{subsection.3.1.2}% 37
\BOOKMARK [2][-]{subsection.3.1.3}{Otras Herramientas de Testing provistas por Android}{section.3.1}% 38
\BOOKMARK [3][-]{section*.44}{Monkey 21}{subsection.3.1.3}% 39
\BOOKMARK [3][-]{section*.45}{Monkeyrunner 48}{subsection.3.1.3}% 40
\BOOKMARK [2][-]{subsection.3.1.4}{Herramientas de Testing Unitario de Terceros}{section.3.1}% 41
\BOOKMARK [3][-]{section*.46}{EasyMock 22}{subsection.3.1.4}% 42
\BOOKMARK [3][-]{section*.47}{Mockito 23}{subsection.3.1.4}% 43
\BOOKMARK [3][-]{section*.48}{Robolectric 24}{subsection.3.1.4}% 44
\BOOKMARK [2][-]{subsection.3.1.5}{Herramientas de Testing de UI de Terceros}{section.3.1}% 45
\BOOKMARK [3][-]{section*.49}{Robotium 25}{subsection.3.1.5}% 46
\BOOKMARK [3][-]{section*.50}{Espresso 26}{subsection.3.1.5}% 47
\BOOKMARK [2][-]{subsection.3.1.6}{Otras Herramientas de Testing de Terceros}{section.3.1}% 48
\BOOKMARK [3][-]{section*.51}{Spoon 27}{subsection.3.1.6}% 49
\BOOKMARK [1][-]{section.3.2}{Herramientas de Distribuci\363n de Versiones}{chapter.3}% 50
\BOOKMARK [2][-]{subsection.3.2.1}{Herramienta de Distribuci\363n de Versiones provista por Android}{section.3.2}% 51
\BOOKMARK [2][-]{subsection.3.2.2}{Herramienta de Distribuci\363n de Versiones de Terceros}{section.3.2}% 52
\BOOKMARK [3][-]{section*.53}{HockeyApp 40}{subsection.3.2.2}% 53
\BOOKMARK [3][-]{section*.54}{AppBlade 41}{subsection.3.2.2}% 54
\BOOKMARK [3][-]{section*.55}{The Beta Family 46}{subsection.3.2.2}% 55
\BOOKMARK [3][-]{section*.56}{UserTesting 47}{subsection.3.2.2}% 56
\BOOKMARK [1][-]{section.3.3}{Herramientas de Reporte de Crashes}{chapter.3}% 57
\BOOKMARK [2][-]{subsection.3.3.1}{Herramienta de Reporte de Crashes provista por Android}{section.3.3}% 58
\BOOKMARK [2][-]{subsection.3.3.2}{Herramientas de Reporte de Crashes de Terceros}{section.3.3}% 59
\BOOKMARK [3][-]{section*.58}{Crittercism 30}{subsection.3.3.2}% 60
\BOOKMARK [3][-]{section*.60}{Bugsense 32}{subsection.3.3.2}% 61
\BOOKMARK [3][-]{section*.62}{Google Analytics 33}{subsection.3.3.2}% 62
\BOOKMARK [3][-]{section*.63}{ACRA 34}{subsection.3.3.2}% 63
\BOOKMARK [0][-]{chapter.4}{An\341lisis Comparativo}{}% 64
\BOOKMARK [1][-]{section.4.1}{An\341lisis Comparativo entre las Herramientas de Testing Unitario}{chapter.4}% 65
\BOOKMARK [2][-]{subsection.4.1.1}{Framework de Testing de Android: JUnit, Assertions y Mocks.}{section.4.1}% 66
\BOOKMARK [3][-]{section*.65}{Ventajas}{subsection.4.1.1}% 67
\BOOKMARK [3][-]{section*.66}{Desventajas}{subsection.4.1.1}% 68
\BOOKMARK [3][-]{section*.67}{Resumen}{subsection.4.1.1}% 69
\BOOKMARK [2][-]{subsection.4.1.2}{Robolectric}{section.4.1}% 70
\BOOKMARK [3][-]{section*.68}{Ventajas}{subsection.4.1.2}% 71
\BOOKMARK [3][-]{section*.69}{Desventajas}{subsection.4.1.2}% 72
\BOOKMARK [3][-]{section*.70}{Resumen}{subsection.4.1.2}% 73
\BOOKMARK [2][-]{subsection.4.1.3}{EasyMock}{section.4.1}% 74
\BOOKMARK [3][-]{section*.71}{Ventajas}{subsection.4.1.3}% 75
\BOOKMARK [3][-]{section*.72}{Desventajas}{subsection.4.1.3}% 76
\BOOKMARK [3][-]{section*.73}{Resumen}{subsection.4.1.3}% 77
\BOOKMARK [2][-]{subsection.4.1.4}{Mockito}{section.4.1}% 78
\BOOKMARK [3][-]{section*.74}{Ventajas}{subsection.4.1.4}% 79
\BOOKMARK [3][-]{section*.75}{Desventajas}{subsection.4.1.4}% 80
\BOOKMARK [3][-]{section*.76}{Resumen}{subsection.4.1.4}% 81
\BOOKMARK [2][-]{subsection.4.1.5}{Resumen General}{section.4.1}% 82
\BOOKMARK [1][-]{section.4.2}{An\341lisis Comparativo entre las Herramientas de Testing de UI}{chapter.4}% 83
\BOOKMARK [2][-]{subsection.4.2.1}{uiautomator}{section.4.2}% 84
\BOOKMARK [3][-]{section*.79}{Ventajas}{subsection.4.2.1}% 85
\BOOKMARK [3][-]{section*.80}{Desventajas}{subsection.4.2.1}% 86
\BOOKMARK [3][-]{section*.81}{Resumen}{subsection.4.2.1}% 87
\BOOKMARK [2][-]{subsection.4.2.2}{Robotium}{section.4.2}% 88
\BOOKMARK [3][-]{section*.82}{Ventajas}{subsection.4.2.2}% 89
\BOOKMARK [3][-]{section*.83}{Desventajas}{subsection.4.2.2}% 90
\BOOKMARK [3][-]{section*.84}{Resumen}{subsection.4.2.2}% 91
\BOOKMARK [2][-]{subsection.4.2.3}{Espresso}{section.4.2}% 92
\BOOKMARK [3][-]{section*.85}{Ventajas}{subsection.4.2.3}% 93
\BOOKMARK [3][-]{section*.86}{Desventajas}{subsection.4.2.3}% 94
\BOOKMARK [3][-]{section*.87}{Resumen}{subsection.4.2.3}% 95
\BOOKMARK [2][-]{subsection.4.2.4}{Resumen General}{section.4.2}% 96
\BOOKMARK [1][-]{section.4.3}{Otras Herramientas de Testing}{chapter.4}% 97
\BOOKMARK [2][-]{subsection.4.3.1}{Monkey}{section.4.3}% 98
\BOOKMARK [3][-]{section*.90}{Ventajas}{subsection.4.3.1}% 99
\BOOKMARK [3][-]{section*.91}{Desventajas}{subsection.4.3.1}% 100
\BOOKMARK [3][-]{section*.92}{Resumen}{subsection.4.3.1}% 101
\BOOKMARK [2][-]{subsection.4.3.2}{Monkeyrunner}{section.4.3}% 102
\BOOKMARK [3][-]{section*.93}{Ventajas}{subsection.4.3.2}% 103
\BOOKMARK [3][-]{section*.94}{Desventajas}{subsection.4.3.2}% 104
\BOOKMARK [3][-]{section*.95}{Resumen}{subsection.4.3.2}% 105
\BOOKMARK [2][-]{subsection.4.3.3}{Spoon}{section.4.3}% 106
\BOOKMARK [3][-]{section*.96}{Ventajas}{subsection.4.3.3}% 107
\BOOKMARK [3][-]{section*.97}{Desventajas}{subsection.4.3.3}% 108
\BOOKMARK [3][-]{section*.98}{Resumen}{subsection.4.3.3}% 109
\BOOKMARK [1][-]{section.4.4}{An\341lisis Comparativo entre las Herramientas de Distribuci\363n de Versiones}{chapter.4}% 110
\BOOKMARK [2][-]{subsection.4.4.1}{Google Play Console}{section.4.4}% 111
\BOOKMARK [3][-]{section*.99}{Ventajas}{subsection.4.4.1}% 112
\BOOKMARK [3][-]{section*.100}{Desventajas}{subsection.4.4.1}% 113
\BOOKMARK [3][-]{section*.101}{Resumen}{subsection.4.4.1}% 114
\BOOKMARK [2][-]{subsection.4.4.2}{HockeyApp}{section.4.4}% 115
\BOOKMARK [3][-]{section*.102}{Ventajas}{subsection.4.4.2}% 116
\BOOKMARK [3][-]{section*.103}{Desventajas}{subsection.4.4.2}% 117
\BOOKMARK [3][-]{section*.104}{Resumen}{subsection.4.4.2}% 118
\BOOKMARK [2][-]{subsection.4.4.3}{AppBlade}{section.4.4}% 119
\BOOKMARK [3][-]{section*.105}{Ventajas}{subsection.4.4.3}% 120
\BOOKMARK [3][-]{section*.106}{Desventajas}{subsection.4.4.3}% 121
\BOOKMARK [3][-]{section*.107}{Resumen}{subsection.4.4.3}% 122
\BOOKMARK [2][-]{subsection.4.4.4}{The Beta Family}{section.4.4}% 123
\BOOKMARK [3][-]{section*.108}{Ventajas}{subsection.4.4.4}% 124
\BOOKMARK [3][-]{section*.109}{Desventajas}{subsection.4.4.4}% 125
\BOOKMARK [3][-]{section*.110}{Resumen}{subsection.4.4.4}% 126
\BOOKMARK [2][-]{subsection.4.4.5}{UserTesting}{section.4.4}% 127
\BOOKMARK [3][-]{section*.111}{Ventajas}{subsection.4.4.5}% 128
\BOOKMARK [3][-]{section*.112}{Desventajas}{subsection.4.4.5}% 129
\BOOKMARK [3][-]{section*.113}{Resumen}{subsection.4.4.5}% 130
\BOOKMARK [2][-]{subsection.4.4.6}{Resumen General}{section.4.4}% 131
\BOOKMARK [1][-]{section.4.5}{An\341lisis Comparativo entre las Herramientas de Reporte de Crashes}{chapter.4}% 132
\BOOKMARK [2][-]{subsection.4.5.1}{Google Play Console}{section.4.5}% 133
\BOOKMARK [3][-]{section*.118}{Ventajas}{subsection.4.5.1}% 134
\BOOKMARK [3][-]{section*.119}{Desventajas}{subsection.4.5.1}% 135
\BOOKMARK [3][-]{section*.120}{Resumen}{subsection.4.5.1}% 136
\BOOKMARK [2][-]{subsection.4.5.2}{Crittercism}{section.4.5}% 137
\BOOKMARK [3][-]{section*.121}{Ventajas}{subsection.4.5.2}% 138
\BOOKMARK [3][-]{section*.122}{Desventajas}{subsection.4.5.2}% 139
\BOOKMARK [3][-]{section*.123}{Resumen}{subsection.4.5.2}% 140
\BOOKMARK [2][-]{subsection.4.5.3}{Bugsense}{section.4.5}% 141
\BOOKMARK [3][-]{section*.124}{Ventajas}{subsection.4.5.3}% 142
\BOOKMARK [3][-]{section*.125}{Desventajas}{subsection.4.5.3}% 143
\BOOKMARK [3][-]{section*.126}{Resumen}{subsection.4.5.3}% 144
\BOOKMARK [2][-]{subsection.4.5.4}{Google Analytics}{section.4.5}% 145
\BOOKMARK [3][-]{section*.127}{Ventajas}{subsection.4.5.4}% 146
\BOOKMARK [3][-]{section*.128}{Desventajas}{subsection.4.5.4}% 147
\BOOKMARK [3][-]{section*.129}{Resumen}{subsection.4.5.4}% 148
\BOOKMARK [2][-]{subsection.4.5.5}{ACRA}{section.4.5}% 149
\BOOKMARK [3][-]{section*.130}{Ventajas}{subsection.4.5.5}% 150
\BOOKMARK [3][-]{section*.131}{Desventajas}{subsection.4.5.5}% 151
\BOOKMARK [3][-]{section*.132}{Resumen}{subsection.4.5.5}% 152
\BOOKMARK [2][-]{subsection.4.5.6}{Resumen General}{section.4.5}% 153
\BOOKMARK [0][-]{chapter.5}{Implementaci\363n}{}% 154
\BOOKMARK [1][-]{section.5.1}{Implementaci\363n de Herramientas de Testing}{chapter.5}% 155
\BOOKMARK [2][-]{subsection.5.1.1}{Robolectric}{section.5.1}% 156
\BOOKMARK [2][-]{subsection.5.1.2}{Robotium}{section.5.1}% 157
\BOOKMARK [2][-]{subsection.5.1.3}{Spoon}{section.5.1}% 158
\BOOKMARK [2][-]{subsection.5.1.4}{uiautomatorviewer}{section.5.1}% 159
\BOOKMARK [2][-]{subsection.5.1.5}{Monkey}{section.5.1}% 160
\BOOKMARK [1][-]{section.5.2}{Implementaci\363n de Herramientas de Distribuci\363n}{chapter.5}% 161
\BOOKMARK [2][-]{subsection.5.2.1}{HockeyApp}{section.5.2}% 162
\BOOKMARK [2][-]{subsection.5.2.2}{UserTesting}{section.5.2}% 163
\BOOKMARK [1][-]{section.5.3}{Implementaci\363n de Herramientas de Reportes de Crashes}{chapter.5}% 164
\BOOKMARK [2][-]{subsection.5.3.1}{Crittercism}{section.5.3}% 165
\BOOKMARK [0][-]{chapter.6}{Conclusiones}{}% 166
\BOOKMARK [1][-]{section.6.1}{Conclusiones Generales}{chapter.6}% 167
\BOOKMARK [1][-]{section.6.2}{Conclusiones Espec\355ficas}{chapter.6}% 168
\BOOKMARK [1][-]{section.6.3}{Trabajo Futuro}{chapter.6}% 169
\BOOKMARK [0][-]{section.6.3}{Bibliograf\355a}{}% 170
